<?xml version="1.0" encoding="UTF-8"?>
<!-- Generated by org.testng.reporters.JUnitXMLReporter -->
<testsuite ignored="0" hostname="DESKTOP-I6VULTJ" failures="0" tests="9" name="Surefire test" time="46.992" errors="0" timestamp="2025-08-03T16:50:46 IST">
  <testcase classname="testcases.CartTest" name="ClickCart" time="0.98"/>
  <testcase classname="testcases.CartTest" name="CartItems" time="3.355"/>
  <testcase classname="testcases.CartTest" name="getTitlePage" time="0.016"/>
  <testcase classname="testcases.MainTest" name="TestMainPage" time="1.001"/>
  <testcase classname="testcases.MainTest" name="getTitlePage" time="0.018"/>
  <testcase classname="testcases.MainTest" name="getElectronicsTitle" time="0.132"/>
  <testcase classname="testcases.SearchTest" name="searchMobile" time="10.647"/>
  <testcase classname="testcases.SearchTest" name="searchMobile" time="1.871"/>
  <testcase classname="testcases.SearchTest" name="searchMobile" time="1.906"/>
</testsuite> <!-- Surefire test -->
