<?xml version="1.0" encoding="UTF-8"?>
<testng-results ignored="0" total="9" passed="9" failed="0" skipped="0">
  <reporter-output>
  </reporter-output>
  <suite started-at="2025-08-03T16:49:59 IST" name="Surefire suite" finished-at="2025-08-03T16:50:46 IST" duration-ms="46992">
    <groups>
    </groups>
    <test started-at="2025-08-03T16:49:59 IST" name="Surefire test" finished-at="2025-08-03T16:50:46 IST" duration-ms="46992">
      <class name="testcases.CartTest">
        <test-method is-config="true" signature="OpenFlipkart()[pri:0, instance:testcases.CartTest@6ef888f6]" started-at="2025-08-03T16:49:59 IST" name="OpenFlipkart" finished-at="2025-08-03T16:50:07 IST" duration-ms="8526" status="PASS">
          <reporter-output>
          </reporter-output>
        </test-method> <!-- OpenFlipkart -->
        <test-method signature="ClickCart()[pri:1, instance:testcases.CartTest@6ef888f6]" started-at="2025-08-03T16:50:07 IST" name="ClickCart" finished-at="2025-08-03T16:50:08 IST" duration-ms="980" status="PASS">
          <reporter-output>
          </reporter-output>
        </test-method> <!-- ClickCart -->
        <test-method signature="CartItems()[pri:2, instance:testcases.CartTest@6ef888f6]" started-at="2025-08-03T16:50:08 IST" name="CartItems" finished-at="2025-08-03T16:50:12 IST" duration-ms="3355" status="PASS">
          <reporter-output>
          </reporter-output>
        </test-method> <!-- CartItems -->
        <test-method signature="getTitlePage()[pri:3, instance:testcases.CartTest@6ef888f6]" started-at="2025-08-03T16:50:12 IST" name="getTitlePage" finished-at="2025-08-03T16:50:12 IST" duration-ms="16" status="PASS">
          <reporter-output>
          </reporter-output>
        </test-method> <!-- getTitlePage -->
        <test-method is-config="true" signature="CloseFlipkart()[pri:0, instance:testcases.CartTest@6ef888f6]" started-at="2025-08-03T16:50:12 IST" name="CloseFlipkart" finished-at="2025-08-03T16:50:12 IST" duration-ms="269" status="PASS">
          <reporter-output>
          </reporter-output>
        </test-method> <!-- CloseFlipkart -->
      </class> <!-- testcases.CartTest -->
      <class name="testcases.SearchTest">
        <test-method is-config="true" signature="OpenFlipkart()[pri:0, instance:testcases.SearchTest@659a969b]" started-at="2025-08-03T16:50:21 IST" name="OpenFlipkart" finished-at="2025-08-03T16:50:31 IST" duration-ms="10296" status="PASS">
          <reporter-output>
          </reporter-output>
        </test-method> <!-- OpenFlipkart -->
        <test-method signature="searchMobile(java.lang.String)[pri:1, instance:testcases.SearchTest@659a969b]" started-at="2025-08-03T16:50:31 IST" name="searchMobile" data-provider="SearchData" finished-at="2025-08-03T16:50:42 IST" duration-ms="10647" status="PASS">
          <params>
            <param index="0">
              <value>
                <![CDATA[Mobiles under 15000]]>
              </value>
            </param>
          </params>
          <reporter-output>
          </reporter-output>
        </test-method> <!-- searchMobile -->
        <test-method signature="searchMobile(java.lang.String)[pri:1, instance:testcases.SearchTest@659a969b]" started-at="2025-08-03T16:50:42 IST" name="searchMobile" data-provider="SearchData" finished-at="2025-08-03T16:50:44 IST" duration-ms="1871" status="PASS">
          <params>
            <param index="0">
              <value>
                <![CDATA[Refrigerator]]>
              </value>
            </param>
          </params>
          <reporter-output>
          </reporter-output>
        </test-method> <!-- searchMobile -->
        <test-method signature="searchMobile(java.lang.String)[pri:1, instance:testcases.SearchTest@659a969b]" started-at="2025-08-03T16:50:44 IST" name="searchMobile" data-provider="SearchData" finished-at="2025-08-03T16:50:46 IST" duration-ms="1906" status="PASS">
          <params>
            <param index="0">
              <value>
                <![CDATA[Washing Machine]]>
              </value>
            </param>
          </params>
          <reporter-output>
          </reporter-output>
        </test-method> <!-- searchMobile -->
        <test-method is-config="true" signature="CloseFlipkart()[pri:0, instance:testcases.SearchTest@659a969b]" started-at="2025-08-03T16:50:46 IST" name="CloseFlipkart" finished-at="2025-08-03T16:50:46 IST" duration-ms="241" status="PASS">
          <reporter-output>
          </reporter-output>
        </test-method> <!-- CloseFlipkart -->
      </class> <!-- testcases.SearchTest -->
      <class name="testcases.MainTest">
        <test-method is-config="true" signature="OpenFlipkart()[pri:0, instance:testcases.MainTest@1d119efb]" started-at="2025-08-03T16:50:12 IST" name="OpenFlipkart" finished-at="2025-08-03T16:50:19 IST" duration-ms="7284" status="PASS">
          <reporter-output>
          </reporter-output>
        </test-method> <!-- OpenFlipkart -->
        <test-method signature="TestMainPage()[pri:1, instance:testcases.MainTest@1d119efb]" started-at="2025-08-03T16:50:19 IST" name="TestMainPage" finished-at="2025-08-03T16:50:20 IST" duration-ms="1001" status="PASS">
          <reporter-output>
          </reporter-output>
        </test-method> <!-- TestMainPage -->
        <test-method signature="getTitlePage()[pri:2, instance:testcases.MainTest@1d119efb]" started-at="2025-08-03T16:50:20 IST" name="getTitlePage" finished-at="2025-08-03T16:50:20 IST" duration-ms="18" status="PASS">
          <reporter-output>
          </reporter-output>
        </test-method> <!-- getTitlePage -->
        <test-method signature="getElectronicsTitle()[pri:3, instance:testcases.MainTest@1d119efb]" started-at="2025-08-03T16:50:20 IST" name="getElectronicsTitle" finished-at="2025-08-03T16:50:21 IST" duration-ms="132" status="PASS">
          <reporter-output>
          </reporter-output>
        </test-method> <!-- getElectronicsTitle -->
        <test-method is-config="true" signature="CloseFlipkart()[pri:0, instance:testcases.MainTest@1d119efb]" started-at="2025-08-03T16:50:21 IST" name="CloseFlipkart" finished-at="2025-08-03T16:50:21 IST" duration-ms="287" status="PASS">
          <reporter-output>
          </reporter-output>
        </test-method> <!-- CloseFlipkart -->
      </class> <!-- testcases.MainTest -->
    </test> <!-- Surefire test -->
  </suite> <!-- Surefire suite -->
</testng-results>
