<?xml version="1.0" encoding="UTF-8"?>
<testsuite xmlns:xsi="http://www.w3.org/2001/XMLSchema-instance" xsi:noNamespaceSchemaLocation="https://maven.apache.org/surefire/maven-surefire-plugin/xsd/surefire-test-report-3.0.xsd" version="3.0" name="TestSuite" time="47.94" tests="9" errors="0" skipped="0" failures="0">
  <properties>
[...]
</properties>
  <testcase name="ClickCart" classname="testcases.CartTest" time="0.995">
    <system-err><![CDATA[SLF4J: Failed to load class "org.slf4j.impl.StaticLoggerBinder".
SLF4J: Defaulting to no-operation (NOP) logger implementation
SLF4J: See http://www.slf4j.org/codes.html#StaticLoggerBinder for further details.
Aug 03, 2025 4:50:02 PM org.openqa.selenium.devtools.CdpVersionFinder findNearestMatch
WARNING: Unable to find CDP implementation matching 138
Aug 03, 2025 4:50:02 PM org.openqa.selenium.chromium.ChromiumDriver lambda$new$5
WARNING: Unable to find version of CDP to use for 138.0.7204.184. You may need to include a dependency on a specific version of the CDP using something similar to `org.seleniumhq.selenium:selenium-devtools-v86:4.12.1` where the version ("v86") matches the version of the chromium-based browser you're using and the version number of the artifact is the same as Selenium's.
]]></system-err>
  </testcase>
  <testcase name="CartItems" classname="testcases.CartTest" time="3.342">
    <system-out><![CDATA[Cart Items : Missing Cart items?
]]></system-out>
  </testcase>
  <testcase name="getTitlePage" classname="testcases.CartTest" time="0.016">
    <system-out><![CDATA[=========================< The Cart Page >=======================
The title is  : Shopping Cart | Flipkart.com
]]></system-out>
  </testcase>
  <testcase name="TestMainPage" classname="testcases.MainTest" time="0.999">
    <system-out><![CDATA[Main search Tooltip : Search for Products, Brands and More
]]></system-out>
    <system-err><![CDATA[Aug 03, 2025 4:50:13 PM org.openqa.selenium.devtools.CdpVersionFinder findNearestMatch
WARNING: Unable to find CDP implementation matching 138
Aug 03, 2025 4:50:13 PM org.openqa.selenium.chromium.ChromiumDriver lambda$new$5
WARNING: Unable to find version of CDP to use for 138.0.7204.184. You may need to include a dependency on a specific version of the CDP using something similar to `org.seleniumhq.selenium:selenium-devtools-v86:4.12.1` where the version ("v86") matches the version of the chromium-based browser you're using and the version number of the artifact is the same as Selenium's.
]]></system-err>
  </testcase>
  <testcase name="getTitlePage" classname="testcases.MainTest" time="0.02">
    <system-out><![CDATA[=========================< The Main Page >=======================
The title is  : Online Shopping Site for Mobiles, Electronics, Furniture, Grocery, Lifestyle, Books & More. Best Offers!
]]></system-out>
  </testcase>
  <testcase name="getElectronicsTitle" classname="testcases.MainTest" time="0.135">
    <system-out><![CDATA[=========================< The Electronics Page >======================
Online Shopping Site for Mobiles, Electronics, Furniture, Grocery, Lifestyle, Books & More. Best Offers!
]]></system-out>
  </testcase>
  <testcase name="searchMobile[Mobiles under 15000](1)" classname="testcases.SearchTest" time="10.652">
    <system-out><![CDATA[=========================< The Search Page >=======================
The title is  : Mobiles Under 15000- Buy Products Online at Best Price in India - All Categories | Flipkart.com
]]></system-out>
    <system-err><![CDATA[Aug 03, 2025 4:50:21 PM org.openqa.selenium.remote.http.WebSocket$Listener onError
WARNING: Connection reset
java.net.SocketException: Connection reset
	at java.base/sun.nio.ch.SocketChannelImpl.throwConnectionReset(SocketChannelImpl.java:401)
	at java.base/sun.nio.ch.SocketChannelImpl.read(SocketChannelImpl.java:434)
	at io.netty.buffer.PooledByteBuf.setBytes(PooledByteBuf.java:254)
	at io.netty.buffer.AbstractByteBuf.writeBytes(AbstractByteBuf.java:1132)
	at io.netty.channel.socket.nio.NioSocketChannel.doReadBytes(NioSocketChannel.java:357)
	at io.netty.channel.nio.AbstractNioByteChannel$NioByteUnsafe.read(AbstractNioByteChannel.java:151)
	at io.netty.channel.nio.NioEventLoop.processSelectedKey(NioEventLoop.java:788)
	at io.netty.channel.nio.NioEventLoop.processSelectedKeysOptimized(NioEventLoop.java:724)
	at io.netty.channel.nio.NioEventLoop.processSelectedKeys(NioEventLoop.java:650)
	at io.netty.channel.nio.NioEventLoop.run(NioEventLoop.java:562)
	at io.netty.util.concurrent.SingleThreadEventExecutor$4.run(SingleThreadEventExecutor.java:997)
	at io.netty.util.internal.ThreadExecutorMap$2.run(ThreadExecutorMap.java:74)
	at io.netty.util.concurrent.FastThreadLocalRunnable.run(FastThreadLocalRunnable.java:30)
	at java.base/java.lang.Thread.run(Thread.java:1583)

Aug 03, 2025 4:50:22 PM org.openqa.selenium.devtools.CdpVersionFinder findNearestMatch
WARNING: Unable to find CDP implementation matching 138
Aug 03, 2025 4:50:22 PM org.openqa.selenium.chromium.ChromiumDriver lambda$new$5
WARNING: Unable to find version of CDP to use for 138.0.7204.184. You may need to include a dependency on a specific version of the CDP using something similar to `org.seleniumhq.selenium:selenium-devtools-v86:4.12.1` where the version ("v86") matches the version of the chromium-based browser you're using and the version number of the artifact is the same as Selenium's.
]]></system-err>
  </testcase>
  <testcase name="searchMobile[Refrigerator](2)" classname="testcases.SearchTest" time="1.866">
    <system-out><![CDATA[=========================< The Search Page >=======================
The title is  : Mobiles Under 15000- Buy Products Online at Best Price in India - All Categories | Flipkart.com
]]></system-out>
  </testcase>
  <testcase name="searchMobile[Washing Machine](3)" classname="testcases.SearchTest" time="1.907">
    <system-out><![CDATA[=========================< The Search Page >=======================
The title is  : Mobiles Under 15000Refrigerator- Buy Products Online at Best Price in India - All Categories | Flipkart.com
]]></system-out>
  </testcase>
</testsuite>